<html>
<body>
<pre>
<h1>Vision Build Log</h1>
<h2>Project:</h2>
D:\学习资料\STM32程序\步进电机\project\StepMotor.uvproj
Project File Date:  04/22/2016

<h2>Output:</h2>
Build target 'Target 1'
compiling cantx.c...
compiling main.c...
..\user\main.c(20): warning:  #177-D: variable "i" was declared but never referenced
..\user\main.c:                 int i, id = 0;
..\user\main.c:                     ^
..\user\main.c(21): warning:  #177-D: variable "motor" was declared but never referenced
..\user\main.c:                 motor_s *motor;
..\user\main.c:                          ^
..\user\main.c: ..\user\main.c: 2 warnings, 0 errors
compiling modelS.c...
compiling pwm.c...
compiling running.c...
compiling stm32f10x_it.c...
compiling virtualS.c...
compiling core_cm3.c...
compiling system_stm32f10x.c...
assembling startup_stm32f10x_cl.s...
assembling startup_stm32f10x_hd.s...
compiling misc.c...
compiling stm32f10x_adc.c...
compiling stm32f10x_bkp.c...
compiling stm32f10x_can.c...
compiling stm32f10x_cec.c...
compiling stm32f10x_crc.c...
compiling stm32f10x_dac.c...
compiling stm32f10x_dbgmcu.c...
compiling stm32f10x_dma.c...
compiling stm32f10x_exti.c...
compiling stm32f10x_flash.c...
compiling stm32f10x_fsmc.c...
compiling stm32f10x_gpio.c...
compiling stm32f10x_i2c.c...
compiling stm32f10x_iwdg.c...
compiling stm32f10x_pwr.c...
compiling stm32f10x_rcc.c...
compiling stm32f10x_rtc.c...
compiling stm32f10x_sdio.c...
compiling stm32f10x_spi.c...
compiling stm32f10x_tim.c...
compiling stm32f10x_usart.c...
compiling stm32f10x_wwdg.c...
compiling printf.c...
compiling Hardware.c...
..\Hardware\Hardware.c(71): error:  #20: identifier "RCC_PLLSource_HSE_Div1" is undefined
..\Hardware\Hardware.c:       RCC_PLLConfig(RCC_PLLSource_HSE_Div1, RCC_PLLMul_9);
..\Hardware\Hardware.c:                     ^
..\Hardware\Hardware.c(167): error:  #20: identifier "USB_LP_CAN1_RX0_IRQn" is undefined
..\Hardware\Hardware.c:         NVIC_InitStructure.NVIC_IRQChannel = USB_LP_CAN1_RX0_IRQn;    
..\Hardware\Hardware.c:                                              ^
..\Hardware\Hardware.c: ..\Hardware\Hardware.c: 0 warnings, 2 errors
Target not created
Build target 'Target 1'
compiling cantx.c...
compiling main.c...
..\user\main.c(20): warning:  #177-D: variable "i" was declared but never referenced
..\user\main.c:                 int i, id = 0;
..\user\main.c:                     ^
..\user\main.c(21): warning:  #177-D: variable "motor" was declared but never referenced
..\user\main.c:                 motor_s *motor;
..\user\main.c:                          ^
..\user\main.c: ..\user\main.c: 2 warnings, 0 errors
compiling modelS.c...
compiling pwm.c...
compiling running.c...
compiling stm32f10x_it.c...
compiling virtualS.c...
compiling core_cm3.c...
compiling system_stm32f10x.c...
compiling misc.c...
compiling stm32f10x_adc.c...
compiling stm32f10x_bkp.c...
compiling stm32f10x_can.c...
compiling stm32f10x_cec.c...
compiling stm32f10x_crc.c...
compiling stm32f10x_dac.c...
compiling stm32f10x_dbgmcu.c...
compiling stm32f10x_dma.c...
compiling stm32f10x_exti.c...
compiling stm32f10x_flash.c...
compiling stm32f10x_fsmc.c...
compiling stm32f10x_gpio.c...
compiling stm32f10x_i2c.c...
compiling stm32f10x_iwdg.c...
compiling stm32f10x_pwr.c...
compiling stm32f10x_rcc.c...
compiling stm32f10x_rtc.c...
compiling stm32f10x_sdio.c...
compiling stm32f10x_spi.c...
compiling stm32f10x_tim.c...
compiling stm32f10x_usart.c...
compiling stm32f10x_wwdg.c...
compiling printf.c...
compiling Hardware.c...
linking...
..\output\StepMotor.sct(7): error: L6235E: More than one section matches selector - cannot all be FIRST/LAST.
..\output\StepMotor.sct: Not enough information to list image symbols.
..\output\StepMotor.sct: Not enough information to list the image map.
..\output\StepMotor.sct: Finished: 2 information, 0 warning and 1 error messages.
"..\output\StepMotor.axf" - 1 Error(s), 2 Warning(s).
